#
# A fatal error has been detected by the Java Runtime Environment:
#
#  EXCEPTION_ACCESS_VIOLATION (0xc0000005) at pc=0x00007ffaa64c1b79, pid=18376, tid=26384
#
# JRE version:  (21.0.7+6) (build )
# Java VM: OpenJDK 64-Bit Server VM (21.0.7+6-LTS, mixed mode, sharing, tiered, compressed class ptrs, unknown gc, windows-amd64)
# Problematic frame:
# C  [jimage.dll+0x1b79]
#
# No core dump will be written. Minidumps are not enabled by default on client versions of Windows
#
#

---------------  S U M M A R Y ------------

Command Line: 

Host: AMD Athlon Silver PRO 3125GE w/ Radeon Graphics, 4 cores, 13G,  Windows 11 , 64 bit Build 26100 (10.0.26100.4202)
Time: Mon Jun 23 00:03:29 2025 Hora oficial do Brasil elapsed time: 0.085416 seconds (0d 0h 0m 0s)

---------------  T H R E A D  ---------------

Current thread is native thread

Stack: [0x0000009e4cc00000,0x0000009e4cd00000],  sp=0x0000009e4ccfde60,  free space=1015k
Native frames: (J=compiled Java code, j=interpreted, Vv=VM code, C=native code)
C  [jimage.dll+0x1b79]
C  [jimage.dll+0x1d03]
C  [jimage.dll+0x25c9]
V  [jvm.dll+0x21d932]
V  [jvm.dll+0xc9770]
V  [jvm.dll+0x85a57c]
V  [jvm.dll+0x45080e]
V  [jvm.dll+0x452451]
C  [jli.dll+0x5278]
C  [ucrtbase.dll+0x37b0]
C  [KERNEL32.DLL+0x2e8d7]
C  [ntdll.dll+0x3c34c]


siginfo: EXCEPTION_ACCESS_VIOLATION (0xc0000005), reading address 0x0000000000001fe4


Registers:
RAX=0x00000000000007b5, RBX=0x0000009e4ccfdf51, RCX=0x00007ffaa64c6000, RDX=0x00000000000007f2
RSP=0x0000009e4ccfde60, RBP=0x0000009e4ccfdf50, RSI=0x0000000000007622, RDI=0x0000009e4ccfdf50
R8 =0x00007ffaa64c4298, R9 =0x000000000000001c, R10=0x00007ffa93d00000, R11=0x00007ffaa64c6000
R12=0x0000000000000000, R13=0x0000009e4ccff9e0, R14=0x0000009e4ccfefc0, R15=0x00007ffa45a170f8
RIP=0x00007ffaa64c1b79, EFLAGS=0x0000000000010213

XMM[0]=0x0000000000000000 0x0000000000000000
XMM[1]=0x2f6d762f6c616e72 0x65746e692f6b646a
XMM[2]=0x736e6f6974706f2f 0x6d762f6c616e7265
XMM[3]=0x0000000000000000 0x0000000000000000
XMM[4]=0x0000000000000000 0x0000000000000000
XMM[5]=0x0000000000000000 0x0000000000000000
XMM[6]=0x0000000000000000 0x0000000000000000
XMM[7]=0x0000000000000000 0x0000000000000000
XMM[8]=0x0000000000000000 0x0000000000000000
XMM[9]=0x0000000000000000 0x0000000000000000
XMM[10]=0x0000000000000000 0x0000000000000000
XMM[11]=0x0000000000000000 0x0000000000000000
XMM[12]=0x0000000000000000 0x0000000000000000
XMM[13]=0x0000000000000000 0x0000000000000000
XMM[14]=0x0000000000000000 0x0000000000000000
XMM[15]=0x0000000000000000 0x0000000000000000
  MXCSR=0x00001f80


Top of Stack: (sp=0x0000009e4ccfde60)
0x0000009e4ccfde60:   0065003400640038 0000009e4ccfe328
0x0000009e4ccfde70:   003b003700310035 0055005c003a0043
0x0000009e4ccfde80:   00000282b5356220 00007ffaa64c1d03
0x0000009e4ccfde90:   000000000000000b 00000282b5356220
0x0000009e4ccfdea0:   005c006c006f006f 00670075006c0070
0x0000009e4ccfdeb0:   005c0073006e0069 002e00670072006f
0x0000009e4ccfdec0:   0069006c00630065 002e006500730070
0x0000009e4ccfded0:   0000007e0075006a 0070006f002e006a
0x0000009e4ccfdee0:   0064006a006e0065 006f0068002e006b
0x0000009e4ccfdef0:   00009dc972aedd21 0072006a002e0074
0x0000009e4ccfdf00:   00007ffa459f4ae0 0000000000000017
0x0000009e4ccfdf10:   00000282b5356220 0000009e4ccfefc0
0x0000009e4ccfdf20:   000000000000000b 00007ffaa64c25c9
0x0000009e4ccfdf30:   0076002e0037002e 0035003200300032
0x0000009e4ccfdf40:   00000282b538cad0 003100390030002d
0x0000009e4ccfdf50:   61622e6176616a2f 692f6b646a2f6573
0x0000009e4ccfdf60:   2f6c616e7265746e 6f6974706f2f6d76
0x0000009e4ccfdf70:   000000000000736e 0000000000000000
0x0000009e4ccfdf80:   0000000000000000 0000000000000000
0x0000009e4ccfdf90:   00000282b538bae0 0000000000000000
0x0000009e4ccfdfa0:   0000000000000000 0000000000000000
0x0000009e4ccfdfb0:   0000000000000000 0000000000000000
0x0000009e4ccfdfc0:   0000000000000000 0000000000000000
0x0000009e4ccfdfd0:   0000000000000000 0000000000000000
0x0000009e4ccfdfe0:   0000000000000000 0000000000000000
0x0000009e4ccfdff0:   0000000000000000 0000000000000000
0x0000009e4ccfe000:   0000000000000000 0000000000000000
0x0000009e4ccfe010:   0000000000000000 0000000000000000
0x0000009e4ccfe020:   0000000000000000 0000000000000000
0x0000009e4ccfe030:   0000000000000000 0000000000000000
0x0000009e4ccfe040:   0000000000000000 0000000000000000
0x0000009e4ccfe050:   0000000000000000 0000000000000000 

Instructions: (pc=0x00007ffaa64c1b79)
0x00007ffaa64c1a79:   48 85 c9 74 1d 80 3d 8b 45 00 00 00 74 06 48 8b
0x00007ffaa64c1a89:   53 18 eb 04 48 8b 53 40 e8 8e 0e 00 00 48 83 63
0x00007ffaa64c1a99:   48 00 8b 4b 0c 83 f9 ff 74 09 e8 c4 0c 00 00 83
0x00007ffaa64c1aa9:   4b 0c ff 48 8b 4b 70 48 85 c9 74 0f ba 10 00 00
0x00007ffaa64c1ab9:   00 e8 e5 0e 00 00 48 83 63 70 00 48 83 c4 20 5b
0x00007ffaa64c1ac9:   c3 cc cc 40 53 48 83 ec 20 48 8b d9 48 8d 0d 44
0x00007ffaa64c1ad9:   47 00 00 e8 93 0c 00 00 83 6b 08 01 75 24 48 8b
0x00007ffaa64c1ae9:   d3 48 8d 0d 27 45 00 00 e8 1a 08 00 00 48 8b cb
0x00007ffaa64c1af9:   e8 d6 fe ff ff ba 78 00 00 00 48 8b cb e8 99 0e
0x00007ffaa64c1b09:   00 00 48 8d 0d 0e 47 00 00 48 83 c4 20 5b e9 60
0x00007ffaa64c1b19:   0c 00 00 48 89 5c 24 08 48 89 74 24 10 57 48 83
0x00007ffaa64c1b29:   ec 20 41 8b f1 4d 8b c8 48 8b fa 4c 8b d9 4d 85
0x00007ffaa64c1b39:   c0 74 73 85 f6 74 6f 44 8a 12 48 8d 5a 01 48 8b
0x00007ffaa64c1b49:   d3 b8 93 01 00 01 eb 12 69 c0 93 01 00 01 41 0f
0x00007ffaa64c1b59:   b6 ca 44 8a 12 33 c1 48 ff c2 45 84 d2 75 e9 4d
0x00007ffaa64c1b69:   8b 03 33 d2 0f ba f0 1f 49 8b cb f7 f6 48 63 d2
0x00007ffaa64c1b79:   41 8b 14 91 41 ff 50 08 85 c0 7e 24 8a 0f eb 10
0x00007ffaa64c1b89:   69 c0 93 01 00 01 0f b6 c9 33 c1 8a 0b 48 ff c3
0x00007ffaa64c1b99:   84 c9 75 ec 0f ba f0 1f 33 d2 f7 f6 8b c2 eb 09
0x00007ffaa64c1ba9:   79 04 f7 d0 eb 03 83 c8 ff 48 8b 5c 24 30 48 8b
0x00007ffaa64c1bb9:   74 24 38 48 83 c4 20 5f c3 cc cc 48 89 5c 24 08
0x00007ffaa64c1bc9:   48 89 74 24 10 57 48 83 ec 20 48 8b f1 48 8d 0d
0x00007ffaa64c1bd9:   43 46 00 00 e8 92 0b 00 00 33 ff 39 3d 2e 44 00
0x00007ffaa64c1be9:   00 76 24 48 8b 05 2d 44 00 00 48 8b d6 48 8b 1c
0x00007ffaa64c1bf9:   f8 48 8b 0b e8 68 1e 00 00 85 c0 74 2b ff c7 3b
0x00007ffaa64c1c09:   3d 0a 44 00 00 72 dc 33 db 48 8d 0d 07 46 00 00
0x00007ffaa64c1c19:   e8 5e 0b 00 00 48 8b 74 24 38 48 8b c3 48 8b 5c
0x00007ffaa64c1c29:   24 30 48 83 c4 20 5f c3 ff 43 08 eb dc cc cc 48
0x00007ffaa64c1c39:   89 5c 24 08 48 89 74 24 10 57 48 83 ec 20 48 8b
0x00007ffaa64c1c49:   d9 48 8b f2 48 8b 49 10 49 8b f8 8b 53 30 48 8b
0x00007ffaa64c1c59:   01 ff 50 20 4c 8b 43 50 48 8b d6 48 8b 4b 10 44
0x00007ffaa64c1c69:   8b c8 e8 ac fe ff ff 83 f8 ff 74 38 48 8b 4b 10 



---------------  P R O C E S S  ---------------

VM state: not at safepoint (not fully initialized)

VM Mutex/Monitor currently owned by a thread: None

CDS archive(s) mapped at: [0x0000000000000000-0x0000000000000000-0x0000000000000000), size 0, SharedBaseAddress: 0x0000000800000000, ArchiveRelocationMode: 1.
Narrow klass base: 0x0000000000000000, Narrow klass shift: 0, Narrow klass range: 0x0

GC Precious Log:
<Not initialized>


Dynamic libraries:
0x00007ff63b5c0000 - 0x00007ff63b5ce000 	C:\Users\vitor\.p2\pool\plugins\org.eclipse.justj.openjdk.hotspot.jre.full.win32.x86_64_21.0.7.v20250502-0916\jre\bin\javaw.exe
0x00007ffab7180000 - 0x00007ffab73e5000 	C:\WINDOWS\SYSTEM32\ntdll.dll
0x00007ffab58c0000 - 0x00007ffab5989000 	C:\WINDOWS\System32\KERNEL32.DLL
0x00007ffab4600000 - 0x00007ffab49e8000 	C:\WINDOWS\System32\KERNELBASE.dll
0x00007ffab44b0000 - 0x00007ffab45fb000 	C:\WINDOWS\System32\ucrtbase.dll
0x00007ffa9e150000 - 0x00007ffa9e168000 	C:\Users\vitor\.p2\pool\plugins\org.eclipse.justj.openjdk.hotspot.jre.full.win32.x86_64_21.0.7.v20250502-0916\jre\bin\jli.dll
0x00007ffab6e30000 - 0x00007ffab6ffa000 	C:\WINDOWS\System32\USER32.dll
0x00007ffab4a80000 - 0x00007ffab4aa7000 	C:\WINDOWS\System32\win32u.dll
0x00007ffab5400000 - 0x00007ffab542b000 	C:\WINDOWS\System32\GDI32.dll
0x00007ffab42d0000 - 0x00007ffab4407000 	C:\WINDOWS\System32\gdi32full.dll
0x00007ffab4e70000 - 0x00007ffab4f13000 	C:\WINDOWS\System32\msvcp_win.dll
0x00007ffa93d00000 - 0x00007ffa93d1e000 	C:\Users\vitor\.p2\pool\plugins\org.eclipse.justj.openjdk.hotspot.jre.full.win32.x86_64_21.0.7.v20250502-0916\jre\bin\VCRUNTIME140.dll
0x00007ffaa0ce0000 - 0x00007ffaa0f7a000 	C:\WINDOWS\WinSxS\amd64_microsoft.windows.common-controls_6595b64144ccf1df_6.0.26100.4202_none_3e0698d4e335f517\COMCTL32.dll
0x00007ffab69d0000 - 0x00007ffab6a79000 	C:\WINDOWS\System32\msvcrt.dll
0x00007ffab7100000 - 0x00007ffab7130000 	C:\WINDOWS\System32\IMM32.DLL
0x00007ffa9bf10000 - 0x00007ffa9bf1c000 	C:\Users\vitor\.p2\pool\plugins\org.eclipse.justj.openjdk.hotspot.jre.full.win32.x86_64_21.0.7.v20250502-0916\jre\bin\vcruntime140_1.dll
0x00007ffa43d50000 - 0x00007ffa43ddd000 	C:\Users\vitor\.p2\pool\plugins\org.eclipse.justj.openjdk.hotspot.jre.full.win32.x86_64_21.0.7.v20250502-0916\jre\bin\msvcp140.dll
0x00007ffa45010000 - 0x00007ffa45da0000 	C:\Users\vitor\.p2\pool\plugins\org.eclipse.justj.openjdk.hotspot.jre.full.win32.x86_64_21.0.7.v20250502-0916\jre\bin\server\jvm.dll
0x00007ffab5a20000 - 0x00007ffab5ad3000 	C:\WINDOWS\System32\ADVAPI32.dll
0x00007ffab6a80000 - 0x00007ffab6b26000 	C:\WINDOWS\System32\sechost.dll
0x00007ffab52e0000 - 0x00007ffab53f5000 	C:\WINDOWS\System32\RPCRT4.dll
0x00007ffab5bc0000 - 0x00007ffab5c34000 	C:\WINDOWS\System32\WS2_32.dll
0x00007ffab4140000 - 0x00007ffab419e000 	C:\WINDOWS\SYSTEM32\POWRPROF.dll
0x00007ffaabf40000 - 0x00007ffaabf75000 	C:\WINDOWS\SYSTEM32\WINMM.dll
0x00007ffaadba0000 - 0x00007ffaadbab000 	C:\WINDOWS\SYSTEM32\VERSION.dll
0x00007ffab4100000 - 0x00007ffab4114000 	C:\WINDOWS\SYSTEM32\UMPDC.dll
0x00007ffab3090000 - 0x00007ffab30ab000 	C:\WINDOWS\SYSTEM32\kernel.appcore.dll
0x00007ffaa64c0000 - 0x00007ffaa64ca000 	C:\Users\vitor\.p2\pool\plugins\org.eclipse.justj.openjdk.hotspot.jre.full.win32.x86_64_21.0.7.v20250502-0916\jre\bin\jimage.dll
0x00007ffaacdd0000 - 0x00007ffaad011000 	C:\WINDOWS\SYSTEM32\DBGHELP.DLL
0x00007ffab5430000 - 0x00007ffab57b5000 	C:\WINDOWS\System32\combase.dll
0x00007ffab6b60000 - 0x00007ffab6c41000 	C:\WINDOWS\System32\OLEAUT32.dll
0x00007ffa9c740000 - 0x00007ffa9c779000 	C:\WINDOWS\SYSTEM32\dbgcore.DLL
0x00007ffab4410000 - 0x00007ffab44a9000 	C:\WINDOWS\System32\bcryptPrimitives.dll

dbghelp: loaded successfully - version: 4.0.5 - missing functions: none
symbol engine: initialized successfully - sym options: 0x614 - pdb path: .;C:\Users\vitor\.p2\pool\plugins\org.eclipse.justj.openjdk.hotspot.jre.full.win32.x86_64_21.0.7.v20250502-0916\jre\bin;C:\WINDOWS\SYSTEM32;C:\WINDOWS\WinSxS\amd64_microsoft.windows.common-controls_6595b64144ccf1df_6.0.26100.4202_none_3e0698d4e335f517;C:\Users\vitor\.p2\pool\plugins\org.eclipse.justj.openjdk.hotspot.jre.full.win32.x86_64_21.0.7.v20250502-0916\jre\bin\server

VM Arguments:
java_command: <unknown>
java_class_path (initial): <not set>
Launcher Type: SUN_STANDARD

[Global flags]
     bool UseLargePagesIndividualAllocation        = false                                  {pd product} {ergonomic}

Logging:
Log output configuration:
 #0: stdout all=warning uptime,level,tags foldmultilines=false
 #1: stderr all=off uptime,level,tags foldmultilines=false

Environment Variables:
PATH=C:/Users/vitor/.p2/pool/plugins/org.eclipse.justj.openjdk.hotspot.jre.full.win32.x86_64_21.0.7.v20250502-0916/jre/bin/server;C:/Users/vitor/.p2/pool/plugins/org.eclipse.justj.openjdk.hotspot.jre.full.win32.x86_64_21.0.7.v20250502-0916/jre/bin;C:\Program Files\Common Files\Oracle\Java\javapath;C:\WINDOWS\system32;C:\WINDOWS;C:\WINDOWS\System32\Wbem;C:\WINDOWS\System32\WindowsPowerShell\v1.0\;C:\WINDOWS\System32\OpenSSH\;C:\Program Files\Git\cmd;C:\Users\vitor\AppData\Local\Microsoft\WindowsApps;C:\Users\vitor\AppData\Local\Programs\Microsoft VS Code\bin;;C:\Users\vitor\eclipse\java-2025-03\eclipse;
USERNAME=vitor
OS=Windows_NT
PROCESSOR_IDENTIFIER=AMD64 Family 23 Model 24 Stepping 1, AuthenticAMD
TMP=C:\Users\vitor\AppData\Local\Temp
TEMP=C:\Users\vitor\AppData\Local\Temp




Periodic native trim disabled

---------------  S Y S T E M  ---------------

OS:
 Windows 11 , 64 bit Build 26100 (10.0.26100.4202)
OS uptime: 0 days 10:32 hours

CPU: total 4 (initial active 0) 
Processor Information for the first 4 processors :
  Max Mhz: 3400, Current Mhz: 3400, Mhz Limit: 3400

Memory: 4k page, system-wide physical 14281M (1960M free)
TotalPageFile size 42796M (AvailPageFile size 23M)
current process WorkingSet (physical memory assigned to process): 9M, peak: 9M
current process commit charge ("private bytes"): 3M, peak: 3M

vm_info: OpenJDK 64-Bit Server VM (21.0.7+6-LTS) for windows-amd64 JRE (21.0.7+6-LTS), built on 2025-04-15T00:00:00Z by "admin" with MS VC++ 17.7 (VS2022)

END.
