#
# There is insufficient memory for the Java Runtime Environment to continue.
# Native memory allocation (mmap) failed to map 65536 bytes. Error detail: Failed to commit metaspace.
# Possible reasons:
#   The system is out of physical RAM or swap space
#   This process is running with CompressedOops enabled, and the Java Heap may be blocking the growth of the native heap
# Possible solutions:
#   Reduce memory load on the system
#   Increase physical memory or swap space
#   Check if swap backing store is full
#   Decrease Java heap size (-Xmx/-Xms)
#   Decrease number of Java threads
#   Decrease Java thread stack sizes (-Xss)
#   Set larger code cache with -XX:ReservedCodeCacheSize=
#   JVM is running with Zero Based Compressed Oops mode in which the Java heap is
#     placed in the first 32GB address space. The Java Heap base address is the
#     maximum limit for the native heap growth. Please use -XX:HeapBaseMinAddress
#     to set the Java Heap base and to place the Java Heap above 32GB virtual address.
# This output file may be truncated or incomplete.
#
#  Out of Memory Error (virtualSpaceNode.cpp:113), pid=10600, tid=26324
#
# JRE version: OpenJDK Runtime Environment Temurin-21.0.7+6 (21.0.7+6) (build 21.0.7+6-LTS)
# Java VM: OpenJDK 64-Bit Server VM Temurin-21.0.7+6 (21.0.7+6-LTS, mixed mode, sharing, tiered, compressed oops, compressed class ptrs, g1 gc, windows-amd64)
# No core dump will be written. Minidumps are not enabled by default on client versions of Windows
#

---------------  S U M M A R Y ------------

Command Line: -Dfile.encoding=UTF-8 -Dstdout.encoding=UTF-8 -Dstderr.encoding=UTF-8 -XX:+ShowCodeDetailsInExceptionMessages br.dev.vitormiguel.tarefas.Main

Host: AMD Athlon Silver PRO 3125GE w/ Radeon Graphics, 4 cores, 13G,  Windows 11 , 64 bit Build 26100 (10.0.26100.4202)
Time: Mon Jun 23 00:02:59 2025 Hora oficial do Brasil elapsed time: 2.999596 seconds (0d 0h 0m 2s)

---------------  T H R E A D  ---------------

Current thread (0x0000027135fde780):  JavaThread "main"             [_thread_in_vm, id=26324, stack(0x000000fb2c000000,0x000000fb2c100000) (1024K)]

Stack: [0x000000fb2c000000,0x000000fb2c100000]
Native frames: (J=compiled Java code, j=interpreted, Vv=VM code, C=native code)
V  [jvm.dll+0x6ce119]
V  [jvm.dll+0x8a84a1]
V  [jvm.dll+0x8aa9ce]
V  [jvm.dll+0x8ab0b3]
V  [jvm.dll+0x27f8a6]
V  [jvm.dll+0x8a41ee]
V  [jvm.dll+0x670575]
V  [jvm.dll+0x6705da]
V  [jvm.dll+0x672dc2]
V  [jvm.dll+0x672c92]
V  [jvm.dll+0x670f4e]
V  [jvm.dll+0x2695bf]
V  [jvm.dll+0x67b1b5]
V  [jvm.dll+0x21563d]
V  [jvm.dll+0x215bba]
V  [jvm.dll+0x2165e5]
V  [jvm.dll+0x20bbae]
V  [jvm.dll+0x5ae58c]
V  [jvm.dll+0x21d26a]
V  [jvm.dll+0x820d6c]
V  [jvm.dll+0x821d94]
V  [jvm.dll+0x822362]
V  [jvm.dll+0x821fe8]
V  [jvm.dll+0x26cf1b]
V  [jvm.dll+0x3d493e]
C  0x000002714323a97f

The last pc belongs to new (printed below).
Java frames: (J=compiled Java code, j=interpreted, Vv=VM code)
j  javax.swing.JComponent.getClientProperties()Ljavax/swing/ArrayTable;+8 java.desktop@21.0.7
j  javax.swing.JComponent.putClientProperty(Ljava/lang/Object;Ljava/lang/Object;)V+39 java.desktop@21.0.7
j  javax.swing.JLayeredPane.setLayer(Ljava/awt/Component;II)V+49 java.desktop@21.0.7
j  javax.swing.JLayeredPane.setLayer(Ljava/awt/Component;I)V+4 java.desktop@21.0.7
j  javax.swing.JLayeredPane.addImpl(Ljava/awt/Component;Ljava/lang/Object;I)V+20 java.desktop@21.0.7
j  java.awt.Container.add(Ljava/awt/Component;Ljava/lang/Object;)V+4 java.desktop@21.0.7
j  javax.swing.JRootPane.setContentPane(Ljava/awt/Container;)V+62 java.desktop@21.0.7
j  javax.swing.JRootPane.<init>()V+30 java.desktop@21.0.7
j  javax.swing.JFrame.createRootPane()Ljavax/swing/JRootPane;+4 java.desktop@21.0.7
j  javax.swing.JFrame.frameInit()V+16 java.desktop@21.0.7
j  javax.swing.JFrame.<init>()V+20 java.desktop@21.0.7
j  br.dev.vitormiguel.tarefas.ui.FrameGerenciadorDeTarefas.criarTela()V+4
j  br.dev.vitormiguel.tarefas.Main.main([Ljava/lang/String;)V+9
v  ~StubRoutines::call_stub 0x000002714322100d
new  187 new  [0x000002714323a800, 0x000002714323aa08]  520 bytes
[MachCode]
  0x000002714323a800: 4883 ec08 | c5fa 1104 | 24eb 1f48 | 83ec 10c5 | fb11 0424 | eb14 4883 | ec10 4889 | 0424 48c7 
  0x000002714323a820: 4424 0800 | 0000 00eb | 0150 410f | b755 010f | cac1 ea10 | 488b 4de8 | 488b 4908 | 488b 4908 
  0x000002714323a840: 488b 4108 | 807c 1004 | 070f 85d3 | 0000 0066 | 8b54 d148 | 488b 4928 | 488b 4cd1 | 0851 80b9 
  0x000002714323a860: 2101 0000 | 040f 85b6 | 0000 008b | 5108 f6c2 | 010f 85aa | 0000 0049 | 8b87 b801 | 0000 488d 
  0x000002714323a880: 1c10 493b | 9fc8 0100 | 000f 8792 | 0000 0049 | 899f b801 | 0000 4883 | ea10 0f84 | 0f00 0000 
  0x000002714323a8a0: 33c9 c1ea | 0348 894c | d008 48ff | ca75 f648 | c700 0100 | 0000 5933 | f689 700c | 49ba 0000 
  0x000002714323a8c0: 0052 7102 | 0000 492b | ca89 4808 | 49ba 3e5b | ca45 fa7f | 0000 4180 | 3a00 0f84 | 3c00 0000 
  0x000002714323a8e0: 5048 8bc8 | 4883 ec20 | 40f6 c40f | 0f84 1900 | 0000 4883 | ec08 48b8 | 904b 7445 | fa7f 0000 
  0x000002714323a900: ffd0 4883 | c408 e90c | 0000 0048 | b890 4b74 | 45fa 7f00 | 00ff d048 | 83c4 2058 | e9cb 0000 
  0x000002714323a920: 0059 488b | 55e8 488b | 5208 488b | 5208 450f | b745 0141 | 0fc8 41c1 | e810 e805 | 0000 00e9 
  0x000002714323a940: a800 0000 | 488d 4424 | 084c 896d | c049 8bcf | c5f8 7749 | 89af a803 | 0000 4989 | 8798 0300 
  0x000002714323a960: 0048 83ec | 2040 f6c4 | 0f0f 8419 | 0000 0048 | 83ec 0848 | b8f0 483e | 45fa 7f00 | 00ff d048 
  0x000002714323a980: 83c4 08e9 | 0c00 0000 | 48b8 f048 | 3e45 fa7f | 0000 ffd0 | 4883 c420 | 49c7 8798 | 0300 0000 
  0x000002714323a9a0: 0000 0049 | c787 a803 | 0000 0000 | 0000 49c7 | 87a0 0300 | 0000 0000 | 00c5 f877 | 4983 7f08 
  0x000002714323a9c0: 000f 8405 | 0000 00e9 | 3465 feff | 498b 87f0 | 0300 0049 | c787 f003 | 0000 0000 | 0000 4c8b 
  0x000002714323a9e0: 6dc0 4c8b | 75c8 4e8d | 74f5 00c3 | 410f b65d | 0349 83c5 | 0349 bab0 | 20cd 45fa | 7f00 0041 
  0x000002714323aa00: ff24 da0f | 1f44 0000 
[/MachCode]

---------------  P R O C E S S  ---------------

Threads class SMR info:
_java_thread_list=0x0000027151a74b10, length=14, elements={
0x0000027135fde780, 0x0000027151778f60, 0x000002715177d310, 0x0000027151781b20,
0x0000027151784780, 0x000002715178d2c0, 0x000002715178dd10, 0x000002715178ea90,
0x00000271517fa7c0, 0x00000271518ca870, 0x00000271518cb090, 0x0000027151a91c20,
0x0000027151a96d50, 0x0000027151a9be80
}

Java Threads: ( => current thread )
=>0x0000027135fde780 JavaThread "main"                              [_thread_in_vm, id=26324, stack(0x000000fb2c000000,0x000000fb2c100000) (1024K)]
  0x0000027151778f60 JavaThread "Reference Handler"          daemon [_thread_blocked, id=19364, stack(0x000000fb2c800000,0x000000fb2c900000) (1024K)]
  0x000002715177d310 JavaThread "Finalizer"                  daemon [_thread_blocked, id=30616, stack(0x000000fb2c900000,0x000000fb2ca00000) (1024K)]
  0x0000027151781b20 JavaThread "Signal Dispatcher"          daemon [_thread_blocked, id=22872, stack(0x000000fb2ca00000,0x000000fb2cb00000) (1024K)]
  0x0000027151784780 JavaThread "Attach Listener"            daemon [_thread_blocked, id=7136, stack(0x000000fb2cb00000,0x000000fb2cc00000) (1024K)]
  0x000002715178d2c0 JavaThread "Service Thread"             daemon [_thread_blocked, id=30644, stack(0x000000fb2cc00000,0x000000fb2cd00000) (1024K)]
  0x000002715178dd10 JavaThread "Monitor Deflation Thread"   daemon [_thread_blocked, id=30648, stack(0x000000fb2cd00000,0x000000fb2ce00000) (1024K)]
  0x000002715178ea90 JavaThread "C2 CompilerThread0"         daemon [_thread_blocked, id=30652, stack(0x000000fb2ce00000,0x000000fb2cf00000) (1024K)]
  0x00000271517fa7c0 JavaThread "C1 CompilerThread0"         daemon [_thread_blocked, id=30668, stack(0x000000fb2cf00000,0x000000fb2d000000) (1024K)]
  0x00000271518ca870 JavaThread "Notification Thread"        daemon [_thread_blocked, id=4808, stack(0x000000fb2d000000,0x000000fb2d100000) (1024K)]
  0x00000271518cb090 JavaThread "Common-Cleaner"             daemon [_thread_blocked, id=10420, stack(0x000000fb2d100000,0x000000fb2d200000) (1024K)]
  0x0000027151a91c20 JavaThread "Java2D Disposer"            daemon [_thread_blocked, id=21444, stack(0x000000fb2d200000,0x000000fb2d300000) (1024K)]
  0x0000027151a96d50 JavaThread "AWT-Shutdown"                      [_thread_in_vm, id=9000, stack(0x000000fb2d300000,0x000000fb2d400000) (1024K)]
  0x0000027151a9be80 JavaThread "AWT-Windows"                daemon [_thread_in_native, id=408, stack(0x000000fb2d400000,0x000000fb2d500000) (1024K)]
Total: 14

Other Threads:
  0x0000027151762990 VMThread "VM Thread"                           [id=2752, stack(0x000000fb2c700000,0x000000fb2c800000) (1024K)]
  0x000002715174ba60 WatcherThread "VM Periodic Task Thread"        [id=16872, stack(0x000000fb2c600000,0x000000fb2c700000) (1024K)]
  0x00000271383a45a0 WorkerThread "GC Thread#0"                     [id=26568, stack(0x000000fb2c100000,0x000000fb2c200000) (1024K)]
  0x00000271383b34c0 ConcurrentGCThread "G1 Main Marker"            [id=26384, stack(0x000000fb2c200000,0x000000fb2c300000) (1024K)]
  0x00000271383b3fc0 WorkerThread "G1 Conc#0"                       [id=29768, stack(0x000000fb2c300000,0x000000fb2c400000) (1024K)]
  0x00000271516220c0 ConcurrentGCThread "G1 Refine#0"               [id=26388, stack(0x000000fb2c400000,0x000000fb2c500000) (1024K)]
  0x0000027151622c30 ConcurrentGCThread "G1 Service"                [id=26564, stack(0x000000fb2c500000,0x000000fb2c600000) (1024K)]
Total: 7

Threads with active compile tasks:
Total: 0

VM state: not at safepoint (normal execution)

VM Mutex/Monitor currently owned by a thread:  ([mutex/lock_event])
[0x00007ffa45cbc308] Metaspace_lock - owner thread: 0x0000027135fde780

Heap address: 0x0000000720c00000, size: 3572 MB, Compressed Oops mode: Zero based, Oop shift amount: 3

CDS archive(s) mapped at: [0x0000027152000000-0x0000027152c80000-0x0000027152c80000), size 13107200, SharedBaseAddress: 0x0000027152000000, ArchiveRelocationMode: 1.
Compressed class space mapped at: 0x0000027153000000-0x0000027193000000, reserved size: 1073741824
Narrow klass base: 0x0000027152000000, Narrow klass shift: 0, Narrow klass range: 0x100000000

GC Precious Log:
 CardTable entry size: 512
 Card Set container configuration: InlinePtr #cards 4 size 8 Array Of Cards #cards 16 size 48 Howl #buckets 8 coarsen threshold 3686 Howl Bitmap #cards 512 size 80 coarsen threshold 460 Card regions per heap region 1 cards per card region 4096
 CPUs: 4 total, 4 available
 Memory: 14281M
 Large Page Support: Disabled
 NUMA Support: Disabled
 Compressed Oops: Enabled (Zero based)
 Heap Region Size: 2M
 Heap Min Capacity: 8M
 Heap Initial Capacity: 224M
 Heap Max Capacity: 3572M
 Pre-touch: Disabled
 Parallel Workers: 4
 Concurrent Workers: 1
 Concurrent Refinement Workers: 4
 Periodic GC: Disabled

Heap:
 garbage-first heap   total 229376K, used 4096K [0x0000000720c00000, 0x0000000800000000)
  region size 2048K, 3 young (6144K), 0 survivors (0K)
 Metaspace       used 3999K, committed 4096K, reserved 1114112K
  class space    used 406K, committed 448K, reserved 1048576K

Heap Regions: E=young(eden), S=young(survivor), O=old, HS=humongous(starts), HC=humongous(continues), CS=collection set, F=free, TAMS=top-at-mark-start, PB=parsable bottom
|   0|0x0000000720c00000, 0x0000000720c00000, 0x0000000720e00000|  0%| F|  |TAMS 0x0000000720c00000| PB 0x0000000720c00000| Untracked 
|   1|0x0000000720e00000, 0x0000000720e00000, 0x0000000721000000|  0%| F|  |TAMS 0x0000000720e00000| PB 0x0000000720e00000| Untracked 
|   2|0x0000000721000000, 0x0000000721000000, 0x0000000721200000|  0%| F|  |TAMS 0x0000000721000000| PB 0x0000000721000000| Untracked 
|   3|0x0000000721200000, 0x0000000721200000, 0x0000000721400000|  0%| F|  |TAMS 0x0000000721200000| PB 0x0000000721200000| Untracked 
|   4|0x0000000721400000, 0x0000000721400000, 0x0000000721600000|  0%| F|  |TAMS 0x0000000721400000| PB 0x0000000721400000| Untracked 
|   5|0x0000000721600000, 0x0000000721600000, 0x0000000721800000|  0%| F|  |TAMS 0x0000000721600000| PB 0x0000000721600000| Untracked 
|   6|0x0000000721800000, 0x0000000721800000, 0x0000000721a00000|  0%| F|  |TAMS 0x0000000721800000| PB 0x0000000721800000| Untracked 
|   7|0x0000000721a00000, 0x0000000721a00000, 0x0000000721c00000|  0%| F|  |TAMS 0x0000000721a00000| PB 0x0000000721a00000| Untracked 
|   8|0x0000000721c00000, 0x0000000721c00000, 0x0000000721e00000|  0%| F|  |TAMS 0x0000000721c00000| PB 0x0000000721c00000| Untracked 
|   9|0x0000000721e00000, 0x0000000721e00000, 0x0000000722000000|  0%| F|  |TAMS 0x0000000721e00000| PB 0x0000000721e00000| Untracked 
|  10|0x0000000722000000, 0x0000000722000000, 0x0000000722200000|  0%| F|  |TAMS 0x0000000722000000| PB 0x0000000722000000| Untracked 
|  11|0x0000000722200000, 0x0000000722200000, 0x0000000722400000|  0%| F|  |TAMS 0x0000000722200000| PB 0x0000000722200000| Untracked 
|  12|0x0000000722400000, 0x0000000722400000, 0x0000000722600000|  0%| F|  |TAMS 0x0000000722400000| PB 0x0000000722400000| Untracked 
|  13|0x0000000722600000, 0x0000000722600000, 0x0000000722800000|  0%| F|  |TAMS 0x0000000722600000| PB 0x0000000722600000| Untracked 
|  14|0x0000000722800000, 0x0000000722800000, 0x0000000722a00000|  0%| F|  |TAMS 0x0000000722800000| PB 0x0000000722800000| Untracked 
|  15|0x0000000722a00000, 0x0000000722a00000, 0x0000000722c00000|  0%| F|  |TAMS 0x0000000722a00000| PB 0x0000000722a00000| Untracked 
|  16|0x0000000722c00000, 0x0000000722c00000, 0x0000000722e00000|  0%| F|  |TAMS 0x0000000722c00000| PB 0x0000000722c00000| Untracked 
|  17|0x0000000722e00000, 0x0000000722e00000, 0x0000000723000000|  0%| F|  |TAMS 0x0000000722e00000| PB 0x0000000722e00000| Untracked 
|  18|0x0000000723000000, 0x0000000723000000, 0x0000000723200000|  0%| F|  |TAMS 0x0000000723000000| PB 0x0000000723000000| Untracked 
|  19|0x0000000723200000, 0x0000000723200000, 0x0000000723400000|  0%| F|  |TAMS 0x0000000723200000| PB 0x0000000723200000| Untracked 
|  20|0x0000000723400000, 0x0000000723400000, 0x0000000723600000|  0%| F|  |TAMS 0x0000000723400000| PB 0x0000000723400000| Untracked 
|  21|0x0000000723600000, 0x0000000723600000, 0x0000000723800000|  0%| F|  |TAMS 0x0000000723600000| PB 0x0000000723600000| Untracked 
|  22|0x0000000723800000, 0x0000000723800000, 0x0000000723a00000|  0%| F|  |TAMS 0x0000000723800000| PB 0x0000000723800000| Untracked 
|  23|0x0000000723a00000, 0x0000000723a00000, 0x0000000723c00000|  0%| F|  |TAMS 0x0000000723a00000| PB 0x0000000723a00000| Untracked 
|  24|0x0000000723c00000, 0x0000000723c00000, 0x0000000723e00000|  0%| F|  |TAMS 0x0000000723c00000| PB 0x0000000723c00000| Untracked 
|  25|0x0000000723e00000, 0x0000000723e00000, 0x0000000724000000|  0%| F|  |TAMS 0x0000000723e00000| PB 0x0000000723e00000| Untracked 
|  26|0x0000000724000000, 0x0000000724000000, 0x0000000724200000|  0%| F|  |TAMS 0x0000000724000000| PB 0x0000000724000000| Untracked 
|  27|0x0000000724200000, 0x0000000724200000, 0x0000000724400000|  0%| F|  |TAMS 0x0000000724200000| PB 0x0000000724200000| Untracked 
|  28|0x0000000724400000, 0x0000000724400000, 0x0000000724600000|  0%| F|  |TAMS 0x0000000724400000| PB 0x0000000724400000| Untracked 
|  29|0x0000000724600000, 0x0000000724600000, 0x0000000724800000|  0%| F|  |TAMS 0x0000000724600000| PB 0x0000000724600000| Untracked 
|  30|0x0000000724800000, 0x0000000724800000, 0x0000000724a00000|  0%| F|  |TAMS 0x0000000724800000| PB 0x0000000724800000| Untracked 
|  31|0x0000000724a00000, 0x0000000724a00000, 0x0000000724c00000|  0%| F|  |TAMS 0x0000000724a00000| PB 0x0000000724a00000| Untracked 
|  32|0x0000000724c00000, 0x0000000724c00000, 0x0000000724e00000|  0%| F|  |TAMS 0x0000000724c00000| PB 0x0000000724c00000| Untracked 
|  33|0x0000000724e00000, 0x0000000724e00000, 0x0000000725000000|  0%| F|  |TAMS 0x0000000724e00000| PB 0x0000000724e00000| Untracked 
|  34|0x0000000725000000, 0x0000000725000000, 0x0000000725200000|  0%| F|  |TAMS 0x0000000725000000| PB 0x0000000725000000| Untracked 
|  35|0x0000000725200000, 0x0000000725200000, 0x0000000725400000|  0%| F|  |TAMS 0x0000000725200000| PB 0x0000000725200000| Untracked 
|  36|0x0000000725400000, 0x0000000725400000, 0x0000000725600000|  0%| F|  |TAMS 0x0000000725400000| PB 0x0000000725400000| Untracked 
|  37|0x0000000725600000, 0x0000000725600000, 0x0000000725800000|  0%| F|  |TAMS 0x0000000725600000| PB 0x0000000725600000| Untracked 
|  38|0x0000000725800000, 0x0000000725800000, 0x0000000725a00000|  0%| F|  |TAMS 0x0000000725800000| PB 0x0000000725800000| Untracked 
|  39|0x0000000725a00000, 0x0000000725a00000, 0x0000000725c00000|  0%| F|  |TAMS 0x0000000725a00000| PB 0x0000000725a00000| Untracked 
|  40|0x0000000725c00000, 0x0000000725c00000, 0x0000000725e00000|  0%| F|  |TAMS 0x0000000725c00000| PB 0x0000000725c00000| Untracked 
|  41|0x0000000725e00000, 0x0000000725e00000, 0x0000000726000000|  0%| F|  |TAMS 0x0000000725e00000| PB 0x0000000725e00000| Untracked 
|  42|0x0000000726000000, 0x0000000726000000, 0x0000000726200000|  0%| F|  |TAMS 0x0000000726000000| PB 0x0000000726000000| Untracked 
|  43|0x0000000726200000, 0x0000000726200000, 0x0000000726400000|  0%| F|  |TAMS 0x0000000726200000| PB 0x0000000726200000| Untracked 
|  44|0x0000000726400000, 0x0000000726400000, 0x0000000726600000|  0%| F|  |TAMS 0x0000000726400000| PB 0x0000000726400000| Untracked 
|  45|0x0000000726600000, 0x0000000726600000, 0x0000000726800000|  0%| F|  |TAMS 0x0000000726600000| PB 0x0000000726600000| Untracked 
|  46|0x0000000726800000, 0x0000000726800000, 0x0000000726a00000|  0%| F|  |TAMS 0x0000000726800000| PB 0x0000000726800000| Untracked 
|  47|0x0000000726a00000, 0x0000000726a00000, 0x0000000726c00000|  0%| F|  |TAMS 0x0000000726a00000| PB 0x0000000726a00000| Untracked 
|  48|0x0000000726c00000, 0x0000000726c00000, 0x0000000726e00000|  0%| F|  |TAMS 0x0000000726c00000| PB 0x0000000726c00000| Untracked 
|  49|0x0000000726e00000, 0x0000000726e00000, 0x0000000727000000|  0%| F|  |TAMS 0x0000000726e00000| PB 0x0000000726e00000| Untracked 
|  50|0x0000000727000000, 0x0000000727000000, 0x0000000727200000|  0%| F|  |TAMS 0x0000000727000000| PB 0x0000000727000000| Untracked 
|  51|0x0000000727200000, 0x0000000727200000, 0x0000000727400000|  0%| F|  |TAMS 0x0000000727200000| PB 0x0000000727200000| Untracked 
|  52|0x0000000727400000, 0x0000000727400000, 0x0000000727600000|  0%| F|  |TAMS 0x0000000727400000| PB 0x0000000727400000| Untracked 
|  53|0x0000000727600000, 0x0000000727600000, 0x0000000727800000|  0%| F|  |TAMS 0x0000000727600000| PB 0x0000000727600000| Untracked 
|  54|0x0000000727800000, 0x0000000727800000, 0x0000000727a00000|  0%| F|  |TAMS 0x0000000727800000| PB 0x0000000727800000| Untracked 
|  55|0x0000000727a00000, 0x0000000727a00000, 0x0000000727c00000|  0%| F|  |TAMS 0x0000000727a00000| PB 0x0000000727a00000| Untracked 
|  56|0x0000000727c00000, 0x0000000727c00000, 0x0000000727e00000|  0%| F|  |TAMS 0x0000000727c00000| PB 0x0000000727c00000| Untracked 
|  57|0x0000000727e00000, 0x0000000727e00000, 0x0000000728000000|  0%| F|  |TAMS 0x0000000727e00000| PB 0x0000000727e00000| Untracked 
|  58|0x0000000728000000, 0x0000000728000000, 0x0000000728200000|  0%| F|  |TAMS 0x0000000728000000| PB 0x0000000728000000| Untracked 
|  59|0x0000000728200000, 0x0000000728200000, 0x0000000728400000|  0%| F|  |TAMS 0x0000000728200000| PB 0x0000000728200000| Untracked 
|  60|0x0000000728400000, 0x0000000728400000, 0x0000000728600000|  0%| F|  |TAMS 0x0000000728400000| PB 0x0000000728400000| Untracked 
|  61|0x0000000728600000, 0x0000000728600000, 0x0000000728800000|  0%| F|  |TAMS 0x0000000728600000| PB 0x0000000728600000| Untracked 
|  62|0x0000000728800000, 0x0000000728800000, 0x0000000728a00000|  0%| F|  |TAMS 0x0000000728800000| PB 0x0000000728800000| Untracked 
|  63|0x0000000728a00000, 0x0000000728a00000, 0x0000000728c00000|  0%| F|  |TAMS 0x0000000728a00000| PB 0x0000000728a00000| Untracked 
|  64|0x0000000728c00000, 0x0000000728c00000, 0x0000000728e00000|  0%| F|  |TAMS 0x0000000728c00000| PB 0x0000000728c00000| Untracked 
|  65|0x0000000728e00000, 0x0000000728e00000, 0x0000000729000000|  0%| F|  |TAMS 0x0000000728e00000| PB 0x0000000728e00000| Untracked 
|  66|0x0000000729000000, 0x0000000729000000, 0x0000000729200000|  0%| F|  |TAMS 0x0000000729000000| PB 0x0000000729000000| Untracked 
|  67|0x0000000729200000, 0x0000000729200000, 0x0000000729400000|  0%| F|  |TAMS 0x0000000729200000| PB 0x0000000729200000| Untracked 
|  68|0x0000000729400000, 0x0000000729400000, 0x0000000729600000|  0%| F|  |TAMS 0x0000000729400000| PB 0x0000000729400000| Untracked 
|  69|0x0000000729600000, 0x0000000729600000, 0x0000000729800000|  0%| F|  |TAMS 0x0000000729600000| PB 0x0000000729600000| Untracked 
|  70|0x0000000729800000, 0x0000000729800000, 0x0000000729a00000|  0%| F|  |TAMS 0x0000000729800000| PB 0x0000000729800000| Untracked 
|  71|0x0000000729a00000, 0x0000000729a00000, 0x0000000729c00000|  0%| F|  |TAMS 0x0000000729a00000| PB 0x0000000729a00000| Untracked 
|  72|0x0000000729c00000, 0x0000000729c00000, 0x0000000729e00000|  0%| F|  |TAMS 0x0000000729c00000| PB 0x0000000729c00000| Untracked 
|  73|0x0000000729e00000, 0x0000000729e00000, 0x000000072a000000|  0%| F|  |TAMS 0x0000000729e00000| PB 0x0000000729e00000| Untracked 
|  74|0x000000072a000000, 0x000000072a000000, 0x000000072a200000|  0%| F|  |TAMS 0x000000072a000000| PB 0x000000072a000000| Untracked 
|  75|0x000000072a200000, 0x000000072a200000, 0x000000072a400000|  0%| F|  |TAMS 0x000000072a200000| PB 0x000000072a200000| Untracked 
|  76|0x000000072a400000, 0x000000072a400000, 0x000000072a600000|  0%| F|  |TAMS 0x000000072a400000| PB 0x000000072a400000| Untracked 
|  77|0x000000072a600000, 0x000000072a600000, 0x000000072a800000|  0%| F|  |TAMS 0x000000072a600000| PB 0x000000072a600000| Untracked 
|  78|0x000000072a800000, 0x000000072a800000, 0x000000072aa00000|  0%| F|  |TAMS 0x000000072a800000| PB 0x000000072a800000| Untracked 
|  79|0x000000072aa00000, 0x000000072aa00000, 0x000000072ac00000|  0%| F|  |TAMS 0x000000072aa00000| PB 0x000000072aa00000| Untracked 
|  80|0x000000072ac00000, 0x000000072ac00000, 0x000000072ae00000|  0%| F|  |TAMS 0x000000072ac00000| PB 0x000000072ac00000| Untracked 
|  81|0x000000072ae00000, 0x000000072ae00000, 0x000000072b000000|  0%| F|  |TAMS 0x000000072ae00000| PB 0x000000072ae00000| Untracked 
|  82|0x000000072b000000, 0x000000072b000000, 0x000000072b200000|  0%| F|  |TAMS 0x000000072b000000| PB 0x000000072b000000| Untracked 
|  83|0x000000072b200000, 0x000000072b200000, 0x000000072b400000|  0%| F|  |TAMS 0x000000072b200000| PB 0x000000072b200000| Untracked 
|  84|0x000000072b400000, 0x000000072b400000, 0x000000072b600000|  0%| F|  |TAMS 0x000000072b400000| PB 0x000000072b400000| Untracked 
|  85|0x000000072b600000, 0x000000072b600000, 0x000000072b800000|  0%| F|  |TAMS 0x000000072b600000| PB 0x000000072b600000| Untracked 
|  86|0x000000072b800000, 0x000000072b800000, 0x000000072ba00000|  0%| F|  |TAMS 0x000000072b800000| PB 0x000000072b800000| Untracked 
|  87|0x000000072ba00000, 0x000000072ba00000, 0x000000072bc00000|  0%| F|  |TAMS 0x000000072ba00000| PB 0x000000072ba00000| Untracked 
|  88|0x000000072bc00000, 0x000000072bc00000, 0x000000072be00000|  0%| F|  |TAMS 0x000000072bc00000| PB 0x000000072bc00000| Untracked 
|  89|0x000000072be00000, 0x000000072be00000, 0x000000072c000000|  0%| F|  |TAMS 0x000000072be00000| PB 0x000000072be00000| Untracked 
|  90|0x000000072c000000, 0x000000072c000000, 0x000000072c200000|  0%| F|  |TAMS 0x000000072c000000| PB 0x000000072c000000| Untracked 
|  91|0x000000072c200000, 0x000000072c200000, 0x000000072c400000|  0%| F|  |TAMS 0x000000072c200000| PB 0x000000072c200000| Untracked 
|  92|0x000000072c400000, 0x000000072c400000, 0x000000072c600000|  0%| F|  |TAMS 0x000000072c400000| PB 0x000000072c400000| Untracked 
|  93|0x000000072c600000, 0x000000072c600000, 0x000000072c800000|  0%| F|  |TAMS 0x000000072c600000| PB 0x000000072c600000| Untracked 
|  94|0x000000072c800000, 0x000000072c800000, 0x000000072ca00000|  0%| F|  |TAMS 0x000000072c800000| PB 0x000000072c800000| Untracked 
|  95|0x000000072ca00000, 0x000000072ca00000, 0x000000072cc00000|  0%| F|  |TAMS 0x000000072ca00000| PB 0x000000072ca00000| Untracked 
|  96|0x000000072cc00000, 0x000000072cc00000, 0x000000072ce00000|  0%| F|  |TAMS 0x000000072cc00000| PB 0x000000072cc00000| Untracked 
|  97|0x000000072ce00000, 0x000000072ce00000, 0x000000072d000000|  0%| F|  |TAMS 0x000000072ce00000| PB 0x000000072ce00000| Untracked 
|  98|0x000000072d000000, 0x000000072d000000, 0x000000072d200000|  0%| F|  |TAMS 0x000000072d000000| PB 0x000000072d000000| Untracked 
|  99|0x000000072d200000, 0x000000072d200000, 0x000000072d400000|  0%| F|  |TAMS 0x000000072d200000| PB 0x000000072d200000| Untracked 
| 100|0x000000072d400000, 0x000000072d400000, 0x000000072d600000|  0%| F|  |TAMS 0x000000072d400000| PB 0x000000072d400000| Untracked 
| 101|0x000000072d600000, 0x000000072d600000, 0x000000072d800000|  0%| F|  |TAMS 0x000000072d600000| PB 0x000000072d600000| Untracked 
| 102|0x000000072d800000, 0x000000072d800000, 0x000000072da00000|  0%| F|  |TAMS 0x000000072d800000| PB 0x000000072d800000| Untracked 
| 103|0x000000072da00000, 0x000000072da00000, 0x000000072dc00000|  0%| F|  |TAMS 0x000000072da00000| PB 0x000000072da00000| Untracked 
| 104|0x000000072dc00000, 0x000000072dc00000, 0x000000072de00000|  0%| F|  |TAMS 0x000000072dc00000| PB 0x000000072dc00000| Untracked 
| 105|0x000000072de00000, 0x000000072de00000, 0x000000072e000000|  0%| F|  |TAMS 0x000000072de00000| PB 0x000000072de00000| Untracked 
| 106|0x000000072e000000, 0x000000072e000000, 0x000000072e200000|  0%| F|  |TAMS 0x000000072e000000| PB 0x000000072e000000| Untracked 
| 107|0x000000072e200000, 0x000000072e200000, 0x000000072e400000|  0%| F|  |TAMS 0x000000072e200000| PB 0x000000072e200000| Untracked 
| 108|0x000000072e400000, 0x000000072e400000, 0x000000072e600000|  0%| F|  |TAMS 0x000000072e400000| PB 0x000000072e400000| Untracked 
| 109|0x000000072e600000, 0x000000072e67ae68, 0x000000072e800000| 24%| E|  |TAMS 0x000000072e600000| PB 0x000000072e600000| Complete 
| 110|0x000000072e800000, 0x000000072ea00000, 0x000000072ea00000|100%| E|CS|TAMS 0x000000072e800000| PB 0x000000072e800000| Complete 
| 111|0x000000072ea00000, 0x000000072ec00000, 0x000000072ec00000|100%| E|CS|TAMS 0x000000072ea00000| PB 0x000000072ea00000| Complete 

Card table byte_map: [0x000002714b3f0000,0x000002714baf0000] _byte_map_base: 0x0000027147aea000

Marking Bits: (CMBitMap*) 0x00000271383a4ca0
 Bits: [0x000002714baf0000, 0x000002714f2c0000)

Polling page: 0x00000271379c0000

Metaspace:

Usage:
  Non-class:      3.51 MB used.
      Class:    406.14 KB used.
       Both:      3.91 MB used.

Virtual space:
  Non-class space:       64.00 MB reserved,       3.56 MB (  6%) committed,  1 nodes.
      Class space:        1.00 GB reserved,     448.00 KB ( <1%) committed,  1 nodes.
             Both:        1.06 GB reserved,       4.00 MB ( <1%) committed. 

Chunk freelists:
   Non-Class:  11.89 MB
       Class:  15.57 MB
        Both:  27.46 MB

MaxMetaspaceSize: unlimited
CompressedClassSpaceSize: 1.00 GB
Initial GC threshold: 21.00 MB
Current GC threshold: 21.00 MB
CDS: on
 - commit_granule_bytes: 65536.
 - commit_granule_words: 8192.
 - virtual_space_node_default_size: 8388608.
 - enlarge_chunks_in_place: 1.
 - use_allocation_guard: 0.


Internal statistics:

num_allocs_failed_limit: 0.
num_arena_births: 112.
num_arena_deaths: 0.
num_vsnodes_births: 2.
num_vsnodes_deaths: 0.
num_space_committed: 64.
num_space_uncommitted: 0.
num_chunks_returned_to_freelist: 0.
num_chunks_taken_from_freelist: 130.
num_chunk_merges: 0.
num_chunk_splits: 82.
num_chunks_enlarged: 35.
num_inconsistent_stats: 0.

CodeHeap 'non-profiled nmethods': size=120000Kb used=145Kb max_used=145Kb free=119854Kb
 bounds [0x00000271437c0000, 0x0000027143a30000, 0x000002714acf0000]
CodeHeap 'profiled nmethods': size=120000Kb used=721Kb max_used=721Kb free=119278Kb
 bounds [0x000002713bcf0000, 0x000002713bf60000, 0x0000027143220000]
CodeHeap 'non-nmethods': size=5760Kb used=1387Kb max_used=1398Kb free=4372Kb
 bounds [0x0000027143220000, 0x0000027143490000, 0x00000271437c0000]
 total_blobs=977 nmethods=491 adapters=391
 compilation: enabled
              stopped_count=0, restarted_count=0
 full_count=0

Compilation events (20 events):
Event: 2.519 Thread 0x00000271517fa7c0  479       3       jdk.internal.util.ArraysSupport::mismatch (103 bytes)
Event: 2.519 Thread 0x00000271517fa7c0 nmethod 479 0x000002713bda0410 code [0x000002713bda0600, 0x000002713bda0a08]
Event: 2.667 Thread 0x00000271517fa7c0  483       3       java.lang.String::startsWith (123 bytes)
Event: 2.668 Thread 0x00000271517fa7c0 nmethod 483 0x000002713bda0c10 code [0x000002713bda0e40, 0x000002713bda1590]
Event: 2.690 Thread 0x00000271517fa7c0  484       3       sun.util.ResourceBundleEnumeration::hasMoreElements (117 bytes)
Event: 2.690 Thread 0x00000271517fa7c0 nmethod 484 0x000002713bda1810 code [0x000002713bda1a60, 0x000002713bda2500]
Event: 2.710 Thread 0x00000271517fa7c0  485       3       java.lang.String::endsWith (15 bytes)
Event: 2.710 Thread 0x00000271517fa7c0 nmethod 485 0x000002713bda2710 code [0x000002713bda28e0, 0x000002713bda2c20]
Event: 2.710 Thread 0x00000271517fa7c0  486       3       java.util.HashMap$KeyIterator::next (8 bytes)
Event: 2.710 Thread 0x00000271517fa7c0 nmethod 486 0x000002713bda2e10 code [0x000002713bda2fc0, 0x000002713bda3100]
Event: 2.710 Thread 0x00000271517fa7c0  487       3       sun.util.ResourceBundleEnumeration::nextElement (5 bytes)
Event: 2.710 Thread 0x00000271517fa7c0 nmethod 487 0x000002713bda3210 code [0x000002713bda33e0, 0x000002713bda36a0]
Event: 2.713 Thread 0x00000271517fa7c0  488       3       jdk.internal.org.objectweb.asm.SymbolTable::addConstantMethodref (24 bytes)
Event: 2.713 Thread 0x00000271517fa7c0 nmethod 488 0x000002713bda3790 code [0x000002713bda3940, 0x000002713bda3ae0]
Event: 2.726 Thread 0x00000271517fa7c0  489       3       java.lang.StringConcatHelper::checkOverflow (17 bytes)
Event: 2.726 Thread 0x00000271517fa7c0 nmethod 489 0x000002713bda3b90 code [0x000002713bda3d40, 0x000002713bda3f08]
Event: 2.728 Thread 0x00000271517fa7c0  490       1       java.lang.invoke.MethodHandleNatives::isPullModeBSM (2 bytes)
Event: 2.728 Thread 0x00000271517fa7c0 nmethod 490 0x00000271437e4310 code [0x00000271437e44a0, 0x00000271437e4548]
Event: 2.731 Thread 0x00000271517fa7c0  491       3       java.lang.invoke.ConstantCallSite::getTarget (20 bytes)
Event: 2.731 Thread 0x00000271517fa7c0 nmethod 491 0x000002713bda4010 code [0x000002713bda41c0, 0x000002713bda43c8]

GC Heap History (0 events):
No events

Dll operation events (4 events):
Event: 0.018 Loaded shared library C:\Users\vitor\.p2\pool\plugins\org.eclipse.justj.openjdk.hotspot.jre.full.win32.x86_64_21.0.7.v20250502-0916\jre\bin\java.dll
Event: 0.201 Loaded shared library C:\Users\vitor\.p2\pool\plugins\org.eclipse.justj.openjdk.hotspot.jre.full.win32.x86_64_21.0.7.v20250502-0916\jre\bin\zip.dll
Event: 0.575 Loaded shared library C:\Users\vitor\.p2\pool\plugins\org.eclipse.justj.openjdk.hotspot.jre.full.win32.x86_64_21.0.7.v20250502-0916\jre\bin\jimage.dll
Event: 0.869 Loaded shared library C:\Users\vitor\.p2\pool\plugins\org.eclipse.justj.openjdk.hotspot.jre.full.win32.x86_64_21.0.7.v20250502-0916\jre\bin\awt.dll

Deoptimization events (0 events):
No events

Classes loaded (20 events):
Event: 2.666 Loading class com/sun/swing/internal/plaf/basic/resources/basic_pt_BR done
Event: 2.710 Loading class sun/reflect/misc/ReflectUtil
Event: 2.710 Loading class sun/reflect/misc/ReflectUtil done
Event: 2.710 Loading class javax/swing/plaf/basic/BasicPanelUI
Event: 2.710 Loading class javax/swing/plaf/PanelUI
Event: 2.710 Loading class javax/swing/plaf/ComponentUI
Event: 2.710 Loading class javax/swing/plaf/ComponentUI done
Event: 2.710 Loading class javax/swing/plaf/PanelUI done
Event: 2.710 Loading class javax/swing/plaf/basic/BasicPanelUI done
Event: 2.710 Loading class java/awt/Component$BaselineResizeBehavior
Event: 2.711 Loading class java/awt/Component$BaselineResizeBehavior done
Event: 2.720 Loading class javax/swing/RepaintManager$ProcessingRunnable
Event: 2.725 Loading class javax/swing/RepaintManager$ProcessingRunnable done
Event: 2.725 Loading class com/sun/java/swing/SwingUtilities3
Event: 2.725 Loading class com/sun/java/swing/SwingUtilities3 done
Event: 2.727 Loading class javax/swing/JLayeredPane
Event: 2.728 Loading class javax/swing/JLayeredPane done
Event: 2.732 Loading class javax/swing/JRootPane$1
Event: 2.732 Loading class javax/swing/JRootPane$1 done
Event: 2.732 Loading class javax/swing/ArrayTable

Classes unloaded (0 events):
No events

Classes redefined (0 events):
No events

Internal exceptions (8 events):
Event: 0.673 Thread 0x0000027135fde780 Exception <a 'java/lang/ClassNotFoundException'{0x000000072ebb7fa8}: sun/awt/resources/spi/awtProvider> (0x000000072ebb7fa8) 
thrown [s\src\hotspot\share\classfile\systemDictionary.cpp, line 312]
Event: 1.221 Thread 0x0000027135fde780 Exception <a 'java/io/FileNotFoundException'{0x000000072e8149e0}> (0x000000072e8149e0) 
thrown [s\src\hotspot\share\prims\jni.cpp, line 520]
Event: 1.340 Thread 0x0000027135fde780 Exception <a 'java/io/FileNotFoundException'{0x000000072e83f628}> (0x000000072e83f628) 
thrown [s\src\hotspot\share\prims\jni.cpp, line 520]
Event: 1.926 Thread 0x0000027135fde780 Exception <a 'java/lang/NoSuchMethodError'{0x000000072e94de68}: 'void java.lang.invoke.DirectMethodHandle$Holder.invokeSpecial(java.lang.Object, java.lang.Object, java.lang.Object)'> (0x000000072e94de68) 
thrown [s\src\hotspot\share\interpreter\linkResolver.cpp, line 773]
Event: 1.944 Thread 0x0000027135fde780 Exception <a 'java/lang/NoSuchMethodError'{0x000000072e9746e0}: 'java.lang.Object java.lang.invoke.DirectMethodHandle$Holder.newInvokeSpecial(java.lang.Object, java.lang.Object, java.lang.Object, java.lang.Object, java.lang.Object)'> (0x000000072e9746e0) 
thrown [s\src\hotspot\share\interpreter\linkResolver.cpp, line 773]
Event: 1.956 Thread 0x0000027135fde780 Exception <a 'java/lang/NoSuchMethodError'{0x000000072e9a1138}: 'java.lang.Object java.lang.invoke.DirectMethodHandle$Holder.invokeStatic(java.lang.Object, int, java.lang.Object)'> (0x000000072e9a1138) 
thrown [s\src\hotspot\share\interpreter\linkResolver.cpp, line 773]
Event: 2.516 Thread 0x0000027135fde780 Exception <a 'java/lang/ClassNotFoundException'{0x000000072e643ec8}: com/sun/swing/internal/plaf/metal/resources/spi/metalProvider> (0x000000072e643ec8) 
thrown [s\src\hotspot\share\classfile\systemDictionary.cpp, line 312]
Event: 2.517 Thread 0x0000027135fde780 Exception <a 'java/lang/ClassNotFoundException'{0x000000072e648bb0}: com/sun/swing/internal/plaf/basic/resources/spi/basicProvider> (0x000000072e648bb0) 
thrown [s\src\hotspot\share\classfile\systemDictionary.cpp, line 312]

ZGC Phase Switch (0 events):
No events

VM Operations (8 events):
Event: 1.197 Executing VM operation: Cleanup
Event: 1.211 Executing VM operation: Cleanup done
Event: 1.364 Executing VM operation: HandshakeAllThreads (Deoptimize)
Event: 1.364 Executing VM operation: HandshakeAllThreads (Deoptimize) done
Event: 2.366 Executing VM operation: Cleanup
Event: 2.442 Executing VM operation: Cleanup done
Event: 2.515 Executing VM operation: HandshakeAllThreads (Deoptimize)
Event: 2.515 Executing VM operation: HandshakeAllThreads (Deoptimize) done

Memory protections (0 events):
No events

Nmethod flushes (0 events):
No events

Events (14 events):
Event: 0.059 Thread 0x0000027135fde780 Thread added: 0x0000027135fde780
Event: 0.203 Thread 0x0000027135fde780 Thread added: 0x0000027151778f60
Event: 0.204 Thread 0x0000027135fde780 Thread added: 0x000002715177d310
Event: 0.226 Thread 0x0000027135fde780 Thread added: 0x0000027151781b20
Event: 0.227 Thread 0x0000027135fde780 Thread added: 0x0000027151784780
Event: 0.247 Thread 0x0000027135fde780 Thread added: 0x000002715178d2c0
Event: 0.247 Thread 0x0000027135fde780 Thread added: 0x000002715178dd10
Event: 0.247 Thread 0x0000027135fde780 Thread added: 0x000002715178ea90
Event: 0.264 Thread 0x0000027135fde780 Thread added: 0x00000271517fa7c0
Event: 0.454 Thread 0x0000027135fde780 Thread added: 0x00000271518ca870
Event: 0.458 Thread 0x0000027135fde780 Thread added: 0x00000271518cb090
Event: 1.537 Thread 0x0000027135fde780 Thread added: 0x0000027151a91c20
Event: 1.543 Thread 0x0000027135fde780 Thread added: 0x0000027151a96d50
Event: 1.555 Thread 0x0000027135fde780 Thread added: 0x0000027151a9be80


Dynamic libraries:
0x00007ff63b5c0000 - 0x00007ff63b5ce000 	C:\Users\vitor\.p2\pool\plugins\org.eclipse.justj.openjdk.hotspot.jre.full.win32.x86_64_21.0.7.v20250502-0916\jre\bin\javaw.exe
0x00007ffab7180000 - 0x00007ffab73e5000 	C:\WINDOWS\SYSTEM32\ntdll.dll
0x00007ffab58c0000 - 0x00007ffab5989000 	C:\WINDOWS\System32\KERNEL32.DLL
0x00007ffab4600000 - 0x00007ffab49e8000 	C:\WINDOWS\System32\KERNELBASE.dll
0x00007ffab44b0000 - 0x00007ffab45fb000 	C:\WINDOWS\System32\ucrtbase.dll
0x00007ffa9e150000 - 0x00007ffa9e168000 	C:\Users\vitor\.p2\pool\plugins\org.eclipse.justj.openjdk.hotspot.jre.full.win32.x86_64_21.0.7.v20250502-0916\jre\bin\jli.dll
0x00007ffab6e30000 - 0x00007ffab6ffa000 	C:\WINDOWS\System32\USER32.dll
0x00007ffab4a80000 - 0x00007ffab4aa7000 	C:\WINDOWS\System32\win32u.dll
0x00007ffab5400000 - 0x00007ffab542b000 	C:\WINDOWS\System32\GDI32.dll
0x00007ffab42d0000 - 0x00007ffab4407000 	C:\WINDOWS\System32\gdi32full.dll
0x00007ffab4e70000 - 0x00007ffab4f13000 	C:\WINDOWS\System32\msvcp_win.dll
0x00007ffa93d00000 - 0x00007ffa93d1e000 	C:\Users\vitor\.p2\pool\plugins\org.eclipse.justj.openjdk.hotspot.jre.full.win32.x86_64_21.0.7.v20250502-0916\jre\bin\VCRUNTIME140.dll
0x00007ffaa0ce0000 - 0x00007ffaa0f7a000 	C:\WINDOWS\WinSxS\amd64_microsoft.windows.common-controls_6595b64144ccf1df_6.0.26100.4202_none_3e0698d4e335f517\COMCTL32.dll
0x00007ffab69d0000 - 0x00007ffab6a79000 	C:\WINDOWS\System32\msvcrt.dll
0x00007ffab7100000 - 0x00007ffab7130000 	C:\WINDOWS\System32\IMM32.DLL
0x00007ffa9bf10000 - 0x00007ffa9bf1c000 	C:\Users\vitor\.p2\pool\plugins\org.eclipse.justj.openjdk.hotspot.jre.full.win32.x86_64_21.0.7.v20250502-0916\jre\bin\vcruntime140_1.dll
0x00007ffa43d50000 - 0x00007ffa43ddd000 	C:\Users\vitor\.p2\pool\plugins\org.eclipse.justj.openjdk.hotspot.jre.full.win32.x86_64_21.0.7.v20250502-0916\jre\bin\msvcp140.dll
0x00007ffa45010000 - 0x00007ffa45da0000 	C:\Users\vitor\.p2\pool\plugins\org.eclipse.justj.openjdk.hotspot.jre.full.win32.x86_64_21.0.7.v20250502-0916\jre\bin\server\jvm.dll
0x00007ffab5a20000 - 0x00007ffab5ad3000 	C:\WINDOWS\System32\ADVAPI32.dll
0x00007ffab6a80000 - 0x00007ffab6b26000 	C:\WINDOWS\System32\sechost.dll
0x00007ffab52e0000 - 0x00007ffab53f5000 	C:\WINDOWS\System32\RPCRT4.dll
0x00007ffab5bc0000 - 0x00007ffab5c34000 	C:\WINDOWS\System32\WS2_32.dll
0x00007ffab4140000 - 0x00007ffab419e000 	C:\WINDOWS\SYSTEM32\POWRPROF.dll
0x00007ffaabf40000 - 0x00007ffaabf75000 	C:\WINDOWS\SYSTEM32\WINMM.dll
0x00007ffaadba0000 - 0x00007ffaadbab000 	C:\WINDOWS\SYSTEM32\VERSION.dll
0x00007ffab4100000 - 0x00007ffab4114000 	C:\WINDOWS\SYSTEM32\UMPDC.dll
0x00007ffab3090000 - 0x00007ffab30ab000 	C:\WINDOWS\SYSTEM32\kernel.appcore.dll
0x00007ffaa64c0000 - 0x00007ffaa64ca000 	C:\Users\vitor\.p2\pool\plugins\org.eclipse.justj.openjdk.hotspot.jre.full.win32.x86_64_21.0.7.v20250502-0916\jre\bin\jimage.dll
0x00007ffaacdd0000 - 0x00007ffaad011000 	C:\WINDOWS\SYSTEM32\DBGHELP.DLL
0x00007ffab5430000 - 0x00007ffab57b5000 	C:\WINDOWS\System32\combase.dll
0x00007ffab6b60000 - 0x00007ffab6c41000 	C:\WINDOWS\System32\OLEAUT32.dll
0x00007ffa9c740000 - 0x00007ffa9c779000 	C:\WINDOWS\SYSTEM32\dbgcore.DLL
0x00007ffab4410000 - 0x00007ffab44a9000 	C:\WINDOWS\System32\bcryptPrimitives.dll
0x00007ffa91890000 - 0x00007ffa918af000 	C:\Users\vitor\.p2\pool\plugins\org.eclipse.justj.openjdk.hotspot.jre.full.win32.x86_64_21.0.7.v20250502-0916\jre\bin\java.dll
0x00007ffab6280000 - 0x00007ffab69c2000 	C:\WINDOWS\System32\SHELL32.dll
0x00007ffab4ab0000 - 0x00007ffab4c24000 	C:\WINDOWS\System32\wintypes.dll
0x00007ffab1f70000 - 0x00007ffab27c8000 	C:\WINDOWS\SYSTEM32\windows.storage.dll
0x00007ffab7000000 - 0x00007ffab70f1000 	C:\WINDOWS\System32\SHCORE.dll
0x00007ffab57e0000 - 0x00007ffab584a000 	C:\WINDOWS\System32\shlwapi.dll
0x00007ffab41e0000 - 0x00007ffab420f000 	C:\WINDOWS\SYSTEM32\profapi.dll
0x00007ffa74db0000 - 0x00007ffa74dc8000 	C:\Users\vitor\.p2\pool\plugins\org.eclipse.justj.openjdk.hotspot.jre.full.win32.x86_64_21.0.7.v20250502-0916\jre\bin\zip.dll
0x00007ffa44e80000 - 0x00007ffa4500e000 	C:\Users\vitor\.p2\pool\plugins\org.eclipse.justj.openjdk.hotspot.jre.full.win32.x86_64_21.0.7.v20250502-0916\jre\bin\awt.dll
0x00007ffab1340000 - 0x00007ffab13de000 	C:\WINDOWS\SYSTEM32\apphelp.dll
0x00007ffab18d0000 - 0x00007ffab1906000 	C:\WINDOWS\system32\DWMAPI.DLL
0x00007ffab1540000 - 0x00007ffab15ef000 	C:\WINDOWS\system32\uxtheme.dll
0x00007ffa43c30000 - 0x00007ffa43d44000 	C:\WINDOWS\system32\opengl32.dll
0x00007ffa8c2f0000 - 0x00007ffa8c31d000 	C:\WINDOWS\SYSTEM32\GLU32.dll
0x00007ffab1720000 - 0x00007ffab176d000 	C:\WINDOWS\SYSTEM32\dxcore.dll
0x00007ffab4f20000 - 0x00007ffab5080000 	C:\WINDOWS\System32\MSCTF.dll
0x00007ffab5c40000 - 0x00007ffab5dde000 	C:\WINDOWS\System32\ole32.dll
0x00007ffa4fee0000 - 0x00007ffa50097000 	C:\WINDOWS\system32\d3d9.dll
0x00007ffaabf80000 - 0x00007ffaac138000 	C:\Windows\System32\DriverStore\FileRepository\u0376118.inf_amd64_d3964dd61c6191ee\B371320\aticfx64.dll
0x00007ffa49730000 - 0x00007ffa49764000 	C:\Windows\System32\DriverStore\FileRepository\u0376118.inf_amd64_d3964dd61c6191ee\B371320\atiu9p64.dll
0x00007ffa3a970000 - 0x00007ffa3b6c4000 	C:\Windows\System32\DriverStore\FileRepository\u0376118.inf_amd64_d3964dd61c6191ee\B371320\atiumd64.dll
0x0000000064590000 - 0x0000000065405000 	C:\WINDOWS\System32\DriverStore\FileRepository\u0376118.inf_amd64_d3964dd61c6191ee\B371320\atiumd6a.dll
0x00007ffab5df0000 - 0x00007ffab6276000 	C:\WINDOWS\System32\SETUPAPI.dll
0x00007ffaa9c20000 - 0x00007ffaa9c50000 	C:\WINDOWS\SYSTEM32\amdihk64.dll
0x00007ffab16b0000 - 0x00007ffab1711000 	C:\WINDOWS\SYSTEM32\directxdatabasehelper.dll

dbghelp: loaded successfully - version: 4.0.5 - missing functions: none
symbol engine: initialized successfully - sym options: 0x614 - pdb path: .;C:\Users\vitor\.p2\pool\plugins\org.eclipse.justj.openjdk.hotspot.jre.full.win32.x86_64_21.0.7.v20250502-0916\jre\bin;C:\WINDOWS\SYSTEM32;C:\WINDOWS\WinSxS\amd64_microsoft.windows.common-controls_6595b64144ccf1df_6.0.26100.4202_none_3e0698d4e335f517;C:\Users\vitor\.p2\pool\plugins\org.eclipse.justj.openjdk.hotspot.jre.full.win32.x86_64_21.0.7.v20250502-0916\jre\bin\server;C:\Windows\System32\DriverStore\FileRepository\u0376118.inf_amd64_d3964dd61c6191ee\B371320

VM Arguments:
jvm_args: -Dfile.encoding=UTF-8 -Dstdout.encoding=UTF-8 -Dstderr.encoding=UTF-8 -XX:+ShowCodeDetailsInExceptionMessages 
java_command: br.dev.vitormiguel.tarefas.Main
java_class_path (initial): C:\Users\vitor\git\lopal_tarefas\bin
Launcher Type: SUN_STANDARD

[Global flags]
     intx CICompilerCount                          = 3                                         {product} {ergonomic}
     uint ConcGCThreads                            = 1                                         {product} {ergonomic}
     uint G1ConcRefinementThreads                  = 4                                         {product} {ergonomic}
   size_t G1HeapRegionSize                         = 2097152                                   {product} {ergonomic}
    uintx GCDrainStackTargetSize                   = 64                                        {product} {ergonomic}
   size_t InitialHeapSize                          = 234881024                                 {product} {ergonomic}
   size_t MarkStackSize                            = 4194304                                   {product} {ergonomic}
   size_t MaxHeapSize                              = 3745513472                                {product} {ergonomic}
   size_t MaxNewSize                               = 2246049792                                {product} {ergonomic}
   size_t MinHeapDeltaBytes                        = 2097152                                   {product} {ergonomic}
   size_t MinHeapSize                              = 8388608                                   {product} {ergonomic}
    uintx NonNMethodCodeHeapSize                   = 5832780                                {pd product} {ergonomic}
    uintx NonProfiledCodeHeapSize                  = 122912730                              {pd product} {ergonomic}
    uintx ProfiledCodeHeapSize                     = 122912730                              {pd product} {ergonomic}
    uintx ReservedCodeCacheSize                    = 251658240                              {pd product} {ergonomic}
     bool SegmentedCodeCache                       = true                                      {product} {ergonomic}
     bool ShowCodeDetailsInExceptionMessages       = true                                   {manageable} {command line}
   size_t SoftMaxHeapSize                          = 3745513472                             {manageable} {ergonomic}
     bool UseCompressedOops                        = true                           {product lp64_product} {ergonomic}
     bool UseG1GC                                  = true                                      {product} {ergonomic}
     bool UseLargePagesIndividualAllocation        = false                                  {pd product} {ergonomic}

Logging:
Log output configuration:
 #0: stdout all=warning uptime,level,tags foldmultilines=false
 #1: stderr all=off uptime,level,tags foldmultilines=false

Environment Variables:
PATH=C:/Users/vitor/.p2/pool/plugins/org.eclipse.justj.openjdk.hotspot.jre.full.win32.x86_64_21.0.7.v20250502-0916/jre/bin/server;C:/Users/vitor/.p2/pool/plugins/org.eclipse.justj.openjdk.hotspot.jre.full.win32.x86_64_21.0.7.v20250502-0916/jre/bin;C:\Program Files\Common Files\Oracle\Java\javapath;C:\WINDOWS\system32;C:\WINDOWS;C:\WINDOWS\System32\Wbem;C:\WINDOWS\System32\WindowsPowerShell\v1.0\;C:\WINDOWS\System32\OpenSSH\;C:\Program Files\Git\cmd;C:\Users\vitor\AppData\Local\Microsoft\WindowsApps;C:\Users\vitor\AppData\Local\Programs\Microsoft VS Code\bin;;C:\Users\vitor\eclipse\java-2025-03\eclipse;
USERNAME=vitor
OS=Windows_NT
PROCESSOR_IDENTIFIER=AMD64 Family 23 Model 24 Stepping 1, AuthenticAMD
TMP=C:\Users\vitor\AppData\Local\Temp
TEMP=C:\Users\vitor\AppData\Local\Temp




Periodic native trim disabled

---------------  S Y S T E M  ---------------

OS:
 Windows 11 , 64 bit Build 26100 (10.0.26100.4202)
OS uptime: 0 days 10:32 hours

CPU: total 4 (initial active 4) (4 cores per cpu, 2 threads per core) family 23 model 24 stepping 1 microcode 0x8108109, cx8, cmov, fxsr, ht, mmx, 3dnowpref, sse, sse2, sse3, ssse3, sse4a, sse4.1, sse4.2, popcnt, lzcnt, tsc, tscinvbit, avx, avx2, aes, clmul, bmi1, bmi2, adx, sha, fma, vzeroupper, clflush, clflushopt, rdtscp, f16c
Processor Information for the first 4 processors :
  Max Mhz: 3400, Current Mhz: 3400, Mhz Limit: 3400

Memory: 4k page, system-wide physical 14281M (2012M free)
TotalPageFile size 42796M (AvailPageFile size 35M)
current process WorkingSet (physical memory assigned to process): 61M, peak: 61M
current process commit charge ("private bytes"): 318M, peak: 318M

vm_info: OpenJDK 64-Bit Server VM (21.0.7+6-LTS) for windows-amd64 JRE (21.0.7+6-LTS), built on 2025-04-15T00:00:00Z by "admin" with MS VC++ 17.7 (VS2022)

END.
